[debug] [2022-09-11T11:51:41.013Z] ----------------------------------------------------------------------
[debug] [2022-09-11T11:51:41.014Z] Command:       C:\Program Files\nodejs\node.exe C:\Users\Xeres\AppData\Roaming\npm\node_modules\firebase-tools\lib\bin\firebase.js init
[debug] [2022-09-11T11:51:41.014Z] CLI Version:   11.8.1
[debug] [2022-09-11T11:51:41.015Z] Platform:      win32
[debug] [2022-09-11T11:51:41.015Z] Node Version:  v18.7.0
[debug] [2022-09-11T11:51:41.015Z] Time:          Sun Sep 11 2022 13:51:41 GMT+0200 (Central European Summer Time)
[debug] [2022-09-11T11:51:41.015Z] ----------------------------------------------------------------------
[debug] 
[debug] [2022-09-11T11:51:41.020Z] > command requires scopes: ["email","openid","https://www.googleapis.com/auth/cloudplatformprojects.readonly","https://www.googleapis.com/auth/firebase","https://www.googleapis.com/auth/cloud-platform"]
[debug] [2022-09-11T11:51:41.020Z] > authorizing via signed-in user (rino.malba@gmail.com)
[info] 
     ######## #### ########  ######## ########     ###     ######  ########
     ##        ##  ##     ## ##       ##     ##  ##   ##  ##       ##
     ######    ##  ########  ######   ########  #########  ######  ######
     ##        ##  ##    ##  ##       ##     ## ##     ##       ## ##
     ##       #### ##     ## ######## ########  ##     ##  ######  ########

You're about to initialize a Firebase project in this directory:

  C:\Users\Xeres\Projects\Vino

[debug] [2022-09-11T11:52:20.576Z] Error: kill ENOSYS
    at process.kill (node:internal/process/per_thread:221:13)
    at process.listener (C:\Users\Xeres\AppData\Roaming\npm\node_modules\firebase-tools\node_modules\signal-exit\index.js:95:15)
    at process.emit (node:events:513:28)
[error] 
[error] Error: An unexpected error has occurred.
